Loading property file
start : Generate encoded smiles string from implicit fingerprints
Size of latent dimensions 292
Shape of training file (9, 398)
Training model
Epoch 1/100

9/9 [==============================] - 3s 301ms/step - loss: 0.7339
Epoch 2/100

9/9 [==============================] - 0s 1ms/step - loss: 0.4445
Epoch 3/100

9/9 [==============================] - 0s 1ms/step - loss: 0.2928
Epoch 4/100

9/9 [==============================] - 0s 2ms/step - loss: 0.2062
Epoch 5/100

9/9 [==============================] - 0s 1ms/step - loss: 0.1521
Epoch 6/100

9/9 [==============================] - 0s 2ms/step - loss: 0.1161
Epoch 7/100

9/9 [==============================] - 0s 1ms/step - loss: 0.0909
Epoch 8/100

9/9 [==============================] - 0s 1ms/step - loss: 0.0728
Epoch 9/100

9/9 [==============================] - 0s 1ms/step - loss: 0.0592
Epoch 10/100

9/9 [==============================] - 0s 1ms/step - loss: 0.0489
Epoch 11/100

9/9 [==============================] - 0s 2ms/step - loss: 0.0409
Epoch 12/100

9/9 [==============================] - 0s 4ms/step - loss: 0.0345
Epoch 13/100

9/9 [==============================] - 0s 1ms/step - loss: 0.0295
Epoch 14/100

9/9 [==============================] - 0s 2ms/step - loss: 0.0254
Epoch 15/100

9/9 [==============================] - 0s 1ms/step - loss: 0.0220
Epoch 16/100

9/9 [==============================] - 0s 1ms/step - loss: 0.0193
Epoch 17/100

9/9 [==============================] - 0s 1ms/step - loss: 0.0171
Epoch 18/100

9/9 [==============================] - 0s 1ms/step - loss: 0.0153
Epoch 19/100

9/9 [==============================] - 0s 2ms/step - loss: 0.0140
Epoch 20/100

9/9 [==============================] - 0s 2ms/step - loss: 0.0130
Epoch 21/100

9/9 [==============================] - 0s 1ms/step - loss: 0.0123
Epoch 22/100

9/9 [==============================] - 0s 1ms/step - loss: 0.0119
Epoch 23/100

9/9 [==============================] - 0s 1ms/step - loss: 0.0116
Epoch 24/100

9/9 [==============================] - 0s 1ms/step - loss: 0.0115
Epoch 25/100

9/9 [==============================] - 0s 1ms/step - loss: 0.0114
Epoch 26/100

9/9 [==============================] - 0s 2ms/step - loss: 0.0114
Epoch 27/100

9/9 [==============================] - 0s 2ms/step - loss: 0.0113
Epoch 28/100

9/9 [==============================] - 0s 4ms/step - loss: 0.0112
Epoch 29/100

9/9 [==============================] - 0s 1ms/step - loss: 0.0109
Epoch 30/100

9/9 [==============================] - 0s 1ms/step - loss: 0.0107
Epoch 31/100

9/9 [==============================] - 0s 2ms/step - loss: 0.0103
Epoch 32/100

9/9 [==============================] - 0s 1ms/step - loss: 0.0099
Epoch 33/100

9/9 [==============================] - 0s 1ms/step - loss: 0.0095
Epoch 34/100

9/9 [==============================] - 0s 1ms/step - loss: 0.0091
Epoch 35/100

9/9 [==============================] - 0s 1ms/step - loss: 0.0086
Epoch 36/100

9/9 [==============================] - 0s 2ms/step - loss: 0.0082
Epoch 37/100

9/9 [==============================] - 0s 1ms/step - loss: 0.0078
Epoch 38/100

9/9 [==============================] - 0s 1ms/step - loss: 0.0076
Epoch 39/100

9/9 [==============================] - 0s 1ms/step - loss: 0.0074
Epoch 40/100

9/9 [==============================] - 0s 1ms/step - loss: 0.0074
Epoch 41/100

9/9 [==============================] - 0s 2ms/step - loss: 0.0075
Epoch 42/100

9/9 [==============================] - 0s 2ms/step - loss: 0.0077
Epoch 43/100

9/9 [==============================] - 0s 1ms/step - loss: 0.0080
Epoch 44/100

9/9 [==============================] - 0s 2ms/step - loss: 0.0083
Epoch 45/100

9/9 [==============================] - 0s 4ms/step - loss: 0.0086
Epoch 46/100

9/9 [==============================] - 0s 2ms/step - loss: 0.0087
Epoch 47/100

9/9 [==============================] - 0s 1ms/step - loss: 0.0088
Epoch 48/100

9/9 [==============================] - 0s 2ms/step - loss: 0.0085
Epoch 49/100

9/9 [==============================] - 0s 1ms/step - loss: 0.0083
Epoch 50/100

9/9 [==============================] - 0s 2ms/step - loss: 0.0078
Epoch 51/100

9/9 [==============================] - 0s 2ms/step - loss: 0.0074
Epoch 52/100

9/9 [==============================] - 0s 2ms/step - loss: 0.0067
Epoch 53/100

9/9 [==============================] - 0s 2ms/step - loss: 0.0063
Epoch 54/100

9/9 [==============================] - 0s 2ms/step - loss: 0.0059
Epoch 55/100

9/9 [==============================] - 0s 1ms/step - loss: 0.0056
Epoch 56/100

9/9 [==============================] - 0s 1ms/step - loss: 0.0055
Epoch 57/100

9/9 [==============================] - 0s 1ms/step - loss: 0.0057
Epoch 58/100

9/9 [==============================] - 0s 2ms/step - loss: 0.0060
Epoch 59/100

9/9 [==============================] - 0s 1ms/step - loss: 0.0068
Epoch 60/100

9/9 [==============================] - 0s 5ms/step - loss: 0.0077
Epoch 61/100

9/9 [==============================] - 0s 1ms/step - loss: 0.0086
Epoch 62/100

9/9 [==============================] - 0s 1ms/step - loss: 0.0093
Epoch 63/100

9/9 [==============================] - 0s 1ms/step - loss: 0.0097
Epoch 64/100

9/9 [==============================] - 0s 1ms/step - loss: 0.0096
Epoch 65/100

9/9 [==============================] - 0s 1ms/step - loss: 0.0091
Epoch 66/100

9/9 [==============================] - 0s 1ms/step - loss: 0.0084
Epoch 67/100

9/9 [==============================] - 0s 1ms/step - loss: 0.0074
Epoch 68/100

9/9 [==============================] - 0s 3ms/step - loss: 0.0065
Epoch 69/100

9/9 [==============================] - 0s 3ms/step - loss: 0.0056
Epoch 70/100

9/9 [==============================] - 0s 1ms/step - loss: 0.0048
Epoch 71/100

9/9 [==============================] - 0s 1ms/step - loss: 0.0041
Epoch 72/100

9/9 [==============================] - 0s 1ms/step - loss: 0.0035
Epoch 73/100

9/9 [==============================] - 0s 1ms/step - loss: 0.0031
Epoch 74/100

9/9 [==============================] - 0s 1ms/step - loss: 0.0027
Epoch 75/100

9/9 [==============================] - 0s 3ms/step - loss: 0.0025
Epoch 76/100

9/9 [==============================] - 0s 2ms/step - loss: 0.0024
Epoch 77/100

9/9 [==============================] - 0s 1ms/step - loss: 0.0023
Epoch 78/100

9/9 [==============================] - 0s 2ms/step - loss: 0.0024
Epoch 79/100

9/9 [==============================] - 0s 3ms/step - loss: 0.0027
Epoch 80/100

9/9 [==============================] - 0s 2ms/step - loss: 0.0031
Epoch 81/100

9/9 [==============================] - 0s 1ms/step - loss: 0.0037
Epoch 82/100

9/9 [==============================] - 0s 3ms/step - loss: 0.0045
Epoch 83/100

9/9 [==============================] - 0s 2ms/step - loss: 0.0055
Epoch 84/100

9/9 [==============================] - 0s 2ms/step - loss: 0.0066
Epoch 85/100

9/9 [==============================] - 0s 2ms/step - loss: 0.0076
Epoch 86/100

9/9 [==============================] - 0s 1ms/step - loss: 0.0085
Epoch 87/100

9/9 [==============================] - 0s 1ms/step - loss: 0.0087
Epoch 88/100

9/9 [==============================] - 0s 2ms/step - loss: 0.0088
Epoch 89/100

9/9 [==============================] - 0s 1ms/step - loss: 0.0082
Epoch 90/100

9/9 [==============================] - 0s 2ms/step - loss: 0.0079
Epoch 91/100

9/9 [==============================] - 0s 2ms/step - loss: 0.0071
Epoch 92/100

9/9 [==============================] - 0s 1ms/step - loss: 0.0067
Epoch 93/100

9/9 [==============================] - 0s 1ms/step - loss: 0.0061
Epoch 94/100

9/9 [==============================] - 0s 2ms/step - loss: 0.0059
Epoch 95/100

9/9 [==============================] - 0s 2ms/step - loss: 0.0056
Epoch 96/100

9/9 [==============================] - 0s 1ms/step - loss: 0.0056
Epoch 97/100

9/9 [==============================] - 0s 1ms/step - loss: 0.0054
Epoch 98/100

9/9 [==============================] - 0s 5ms/step - loss: 0.0054
Epoch 99/100

9/9 [==============================] - 0s 1ms/step - loss: 0.0051
Epoch 100/100

9/9 [==============================] - 0s 1ms/step - loss: 0.0050
end : Generate encoded smiles string from implicit fingerprints
